{"level":"info","message":"\n mongo db connected !! db host: cluster0-shard-00-00.4v9hr.mongodb.net","timestamp":"2025-01-30T19:16:35.076Z"}
{"level":"info","message":"Server is running on port 8000","timestamp":"2025-01-30T19:16:35.084Z"}
{"level":"info","message":"\n mongo db connected !! db host: cluster0-shard-00-00.4v9hr.mongodb.net","timestamp":"2025-01-30T19:17:42.787Z"}
{"level":"info","message":"Server is running on port 8000","timestamp":"2025-01-30T19:17:42.791Z"}
{"level":"info","message":"\n mongo db connected !! db host: cluster0-shard-00-00.4v9hr.mongodb.net","timestamp":"2025-01-30T19:17:46.369Z"}
{"level":"info","message":"Server is running on port 8000","timestamp":"2025-01-30T19:17:46.384Z"}
{"level":"info","message":"\n mongo db connected !! db host: cluster0-shard-00-00.4v9hr.mongodb.net","timestamp":"2025-01-30T19:18:23.712Z"}
{"level":"info","message":"Server is running on port 8000","timestamp":"2025-01-30T19:18:23.716Z"}
{"level":"info","message":"\n mongo db connected !! db host: cluster0-shard-00-00.4v9hr.mongodb.net","timestamp":"2025-01-30T19:18:46.895Z"}
{"level":"info","message":"Server is running on port 8000","timestamp":"2025-01-30T19:18:46.907Z"}
{"level":"info","message":"\n mongo db connected !! db host: cluster0-shard-00-00.4v9hr.mongodb.net","timestamp":"2025-01-30T19:18:48.945Z"}
{"level":"info","message":"Server is running on port 8000","timestamp":"2025-01-30T19:18:48.956Z"}
{"level":"info","message":"\n mongo db connected !! db host: cluster0-shard-00-00.4v9hr.mongodb.net","timestamp":"2025-01-30T19:19:52.287Z"}
{"level":"info","message":"Server is running on port 8000","timestamp":"2025-01-30T19:19:52.297Z"}
{"level":"info","message":"\n mongo db connected !! db host: cluster0-shard-00-00.4v9hr.mongodb.net","timestamp":"2025-01-30T19:19:59.686Z"}
{"level":"info","message":"Server is running on port 8000","timestamp":"2025-01-30T19:19:59.698Z"}
{"level":"info","message":"\n mongo db connected !! db host: cluster0-shard-00-00.4v9hr.mongodb.net","timestamp":"2025-01-30T19:20:06.738Z"}
{"level":"info","message":"Server is running on port 8000","timestamp":"2025-01-30T19:20:06.741Z"}
{"level":"info","message":"\n mongo db connected !! db host: cluster0-shard-00-00.4v9hr.mongodb.net","timestamp":"2025-01-30T19:20:08.954Z"}
{"level":"info","message":"Server is running on port 8000","timestamp":"2025-01-30T19:20:08.965Z"}
{"level":"info","message":"\n mongo db connected !! db host: cluster0-shard-00-00.4v9hr.mongodb.net","timestamp":"2025-01-30T19:21:31.450Z"}
{"level":"info","message":"Server is running on port 8000","timestamp":"2025-01-30T19:21:31.454Z"}
{"level":"info","message":"\n mongo db connected !! db host: cluster0-shard-00-00.4v9hr.mongodb.net","timestamp":"2025-01-30T19:21:35.153Z"}
{"level":"info","message":"Server is running on port 8000","timestamp":"2025-01-30T19:21:35.161Z"}
{"level":"info","message":"\n mongo db connected !! db host: cluster0-shard-00-00.4v9hr.mongodb.net","timestamp":"2025-01-30T19:21:39.206Z"}
{"level":"info","message":"Server is running on port 8000","timestamp":"2025-01-30T19:21:39.209Z"}
{"level":"info","message":"\n mongo db connected !! db host: cluster0-shard-00-00.4v9hr.mongodb.net","timestamp":"2025-01-30T19:28:26.637Z"}
{"level":"info","message":"Server is running on port 8000","timestamp":"2025-01-30T19:28:26.643Z"}
{"level":"error","message":"All fields are required","stack":"Error: All fields are required\n    at file:///C:/FSDM/TERM3/MERN'/term_3_react_project/backend/controllers/user.controller.js:28:11\n    at file:///C:/FSDM/TERM3/MERN'/term_3_react_project/backend/utils/asyncHandler.js:3:21\n    at Layer.handle [as handle_request] (C:\\FSDM\\TERM3\\MERN'\\term_3_react_project\\node_modules\\express\\lib\\router\\layer.js:95:5)\n    at next (C:\\FSDM\\TERM3\\MERN'\\term_3_react_project\\node_modules\\express\\lib\\router\\route.js:149:13)\n    at Route.dispatch (C:\\FSDM\\TERM3\\MERN'\\term_3_react_project\\node_modules\\express\\lib\\router\\route.js:119:3)\n    at Layer.handle [as handle_request] (C:\\FSDM\\TERM3\\MERN'\\term_3_react_project\\node_modules\\express\\lib\\router\\layer.js:95:5)\n    at C:\\FSDM\\TERM3\\MERN'\\term_3_react_project\\node_modules\\express\\lib\\router\\index.js:284:15\n    at Function.process_params (C:\\FSDM\\TERM3\\MERN'\\term_3_react_project\\node_modules\\express\\lib\\router\\index.js:346:12)\n    at next (C:\\FSDM\\TERM3\\MERN'\\term_3_react_project\\node_modules\\express\\lib\\router\\index.js:280:10)\n    at Function.handle (C:\\FSDM\\TERM3\\MERN'\\term_3_react_project\\node_modules\\express\\lib\\router\\index.js:175:3)","statusCode":400,"timestamp":"2025-01-30T19:29:03.680Z"}
{"level":"info","message":"{\"method\":\"POST\",\"url\":\"/api/auth/register\",\"status\":\"400\",\"responseTime\":4.603}","timestamp":"2025-01-30T19:29:03.690Z"}
{"level":"error","message":"Password must be at least 8 characters long and include at least one letter and one number","stack":"Error: Password must be at least 8 characters long and include at least one letter and one number\n    at file:///C:/FSDM/TERM3/MERN'/term_3_react_project/backend/controllers/user.controller.js:38:11\n    at file:///C:/FSDM/TERM3/MERN'/term_3_react_project/backend/utils/asyncHandler.js:3:21\n    at Layer.handle [as handle_request] (C:\\FSDM\\TERM3\\MERN'\\term_3_react_project\\node_modules\\express\\lib\\router\\layer.js:95:5)\n    at next (C:\\FSDM\\TERM3\\MERN'\\term_3_react_project\\node_modules\\express\\lib\\router\\route.js:149:13)\n    at Route.dispatch (C:\\FSDM\\TERM3\\MERN'\\term_3_react_project\\node_modules\\express\\lib\\router\\route.js:119:3)\n    at Layer.handle [as handle_request] (C:\\FSDM\\TERM3\\MERN'\\term_3_react_project\\node_modules\\express\\lib\\router\\layer.js:95:5)\n    at C:\\FSDM\\TERM3\\MERN'\\term_3_react_project\\node_modules\\express\\lib\\router\\index.js:284:15\n    at Function.process_params (C:\\FSDM\\TERM3\\MERN'\\term_3_react_project\\node_modules\\express\\lib\\router\\index.js:346:12)\n    at next (C:\\FSDM\\TERM3\\MERN'\\term_3_react_project\\node_modules\\express\\lib\\router\\index.js:280:10)\n    at Function.handle (C:\\FSDM\\TERM3\\MERN'\\term_3_react_project\\node_modules\\express\\lib\\router\\index.js:175:3)","statusCode":400,"timestamp":"2025-01-30T19:29:31.153Z"}
{"level":"info","message":"{\"method\":\"POST\",\"url\":\"/api/auth/register\",\"status\":\"400\",\"responseTime\":1.971}","timestamp":"2025-01-30T19:29:31.154Z"}
{"level":"error","message":"Password must be at least 8 characters long and include at least one letter and one number","stack":"Error: Password must be at least 8 characters long and include at least one letter and one number\n    at file:///C:/FSDM/TERM3/MERN'/term_3_react_project/backend/controllers/user.controller.js:38:11\n    at file:///C:/FSDM/TERM3/MERN'/term_3_react_project/backend/utils/asyncHandler.js:3:21\n    at Layer.handle [as handle_request] (C:\\FSDM\\TERM3\\MERN'\\term_3_react_project\\node_modules\\express\\lib\\router\\layer.js:95:5)\n    at next (C:\\FSDM\\TERM3\\MERN'\\term_3_react_project\\node_modules\\express\\lib\\router\\route.js:149:13)\n    at Route.dispatch (C:\\FSDM\\TERM3\\MERN'\\term_3_react_project\\node_modules\\express\\lib\\router\\route.js:119:3)\n    at Layer.handle [as handle_request] (C:\\FSDM\\TERM3\\MERN'\\term_3_react_project\\node_modules\\express\\lib\\router\\layer.js:95:5)\n    at C:\\FSDM\\TERM3\\MERN'\\term_3_react_project\\node_modules\\express\\lib\\router\\index.js:284:15\n    at Function.process_params (C:\\FSDM\\TERM3\\MERN'\\term_3_react_project\\node_modules\\express\\lib\\router\\index.js:346:12)\n    at next (C:\\FSDM\\TERM3\\MERN'\\term_3_react_project\\node_modules\\express\\lib\\router\\index.js:280:10)\n    at Function.handle (C:\\FSDM\\TERM3\\MERN'\\term_3_react_project\\node_modules\\express\\lib\\router\\index.js:175:3)","statusCode":400,"timestamp":"2025-01-30T19:29:43.486Z"}
{"level":"info","message":"{\"method\":\"POST\",\"url\":\"/api/auth/register\",\"status\":\"400\",\"responseTime\":1.36}","timestamp":"2025-01-30T19:29:43.488Z"}
{"level":"error","message":"Password must be at least 8 characters long and include at least one letter and one number","stack":"Error: Password must be at least 8 characters long and include at least one letter and one number\n    at file:///C:/FSDM/TERM3/MERN'/term_3_react_project/backend/controllers/user.controller.js:38:11\n    at file:///C:/FSDM/TERM3/MERN'/term_3_react_project/backend/utils/asyncHandler.js:3:21\n    at Layer.handle [as handle_request] (C:\\FSDM\\TERM3\\MERN'\\term_3_react_project\\node_modules\\express\\lib\\router\\layer.js:95:5)\n    at next (C:\\FSDM\\TERM3\\MERN'\\term_3_react_project\\node_modules\\express\\lib\\router\\route.js:149:13)\n    at Route.dispatch (C:\\FSDM\\TERM3\\MERN'\\term_3_react_project\\node_modules\\express\\lib\\router\\route.js:119:3)\n    at Layer.handle [as handle_request] (C:\\FSDM\\TERM3\\MERN'\\term_3_react_project\\node_modules\\express\\lib\\router\\layer.js:95:5)\n    at C:\\FSDM\\TERM3\\MERN'\\term_3_react_project\\node_modules\\express\\lib\\router\\index.js:284:15\n    at Function.process_params (C:\\FSDM\\TERM3\\MERN'\\term_3_react_project\\node_modules\\express\\lib\\router\\index.js:346:12)\n    at next (C:\\FSDM\\TERM3\\MERN'\\term_3_react_project\\node_modules\\express\\lib\\router\\index.js:280:10)\n    at Function.handle (C:\\FSDM\\TERM3\\MERN'\\term_3_react_project\\node_modules\\express\\lib\\router\\index.js:175:3)","statusCode":400,"timestamp":"2025-01-30T19:29:45.964Z"}
{"level":"info","message":"{\"method\":\"POST\",\"url\":\"/api/auth/register\",\"status\":\"400\",\"responseTime\":1.501}","timestamp":"2025-01-30T19:29:45.965Z"}
{"level":"info","message":"user creatred successfully","timestamp":"2025-01-30T19:30:04.015Z","username":"fenil"}
{"level":"info","message":"{\"method\":\"POST\",\"url\":\"/api/auth/register\",\"status\":\"201\",\"responseTime\":335.522}","timestamp":"2025-01-30T19:30:04.018Z"}
{"level":"info","message":"{\"method\":\"POST\",\"url\":\"/api/auth/login\",\"status\":\"200\",\"responseTime\":248.264}","timestamp":"2025-01-30T19:31:32.534Z"}
{"level":"info","message":"{\"method\":\"POST\",\"url\":\"/api/auth/logout\",\"status\":\"403\",\"responseTime\":5.201}","timestamp":"2025-01-30T19:31:56.014Z"}
{"level":"info","message":"{\"method\":\"POST\",\"url\":\"/api/auth/logout\",\"status\":\"200\",\"responseTime\":89.46}","timestamp":"2025-01-30T19:32:02.185Z"}
{"level":"info","message":"\n mongo db connected !! db host: cluster0-shard-00-00.4v9hr.mongodb.net","timestamp":"2025-01-30T19:35:12.313Z"}
{"level":"info","message":"Server is running on port 8000","timestamp":"2025-01-30T19:35:12.319Z"}
{"level":"info","message":"\n mongo db connected !! db host: cluster0-shard-00-00.4v9hr.mongodb.net","timestamp":"2025-01-30T19:35:32.904Z"}
{"level":"info","message":"Server is running on port 8000","timestamp":"2025-01-30T19:35:32.916Z"}
{"level":"info","message":"\n mongo db connected !! db host: cluster0-shard-00-00.4v9hr.mongodb.net","timestamp":"2025-01-30T19:35:44.287Z"}
{"level":"info","message":"Server is running on port 8000","timestamp":"2025-01-30T19:35:44.294Z"}
{"level":"info","message":"\n mongo db connected !! db host: cluster0-shard-00-00.4v9hr.mongodb.net","timestamp":"2025-01-30T19:35:53.737Z"}
{"level":"info","message":"Server is running on port 8000","timestamp":"2025-01-30T19:35:53.748Z"}
{"level":"info","message":"\n mongo db connected !! db host: cluster0-shard-00-00.4v9hr.mongodb.net","timestamp":"2025-01-30T19:36:06.868Z"}
{"level":"info","message":"Server is running on port 8000","timestamp":"2025-01-30T19:36:06.873Z"}
{"level":"info","message":"\n mongo db connected !! db host: cluster0-shard-00-00.4v9hr.mongodb.net","timestamp":"2025-01-30T19:36:14.453Z"}
{"level":"info","message":"Server is running on port 8000","timestamp":"2025-01-30T19:36:14.463Z"}
{"level":"info","message":"\n mongo db connected !! db host: cluster0-shard-00-00.4v9hr.mongodb.net","timestamp":"2025-01-30T19:36:36.381Z"}
{"level":"info","message":"Server is running on port 8000","timestamp":"2025-01-30T19:36:36.385Z"}
{"level":"info","message":"\n mongo db connected !! db host: cluster0-shard-00-00.4v9hr.mongodb.net","timestamp":"2025-01-30T19:36:38.069Z"}
{"level":"info","message":"Server is running on port 8000","timestamp":"2025-01-30T19:36:38.074Z"}
{"level":"info","message":"\n mongo db connected !! db host: cluster0-shard-00-00.4v9hr.mongodb.net","timestamp":"2025-01-30T19:36:46.527Z"}
{"level":"info","message":"Server is running on port 8000","timestamp":"2025-01-30T19:36:46.531Z"}
{"level":"info","message":"\n mongo db connected !! db host: cluster0-shard-00-00.4v9hr.mongodb.net","timestamp":"2025-01-30T19:36:48.370Z"}
{"level":"info","message":"Server is running on port 8000","timestamp":"2025-01-30T19:36:48.382Z"}
{"level":"info","message":"\n mongo db connected !! db host: cluster0-shard-00-00.4v9hr.mongodb.net","timestamp":"2025-01-30T19:36:55.361Z"}
{"level":"info","message":"Server is running on port 8000","timestamp":"2025-01-30T19:36:55.372Z"}
{"level":"info","message":"\n mongo db connected !! db host: cluster0-shard-00-00.4v9hr.mongodb.net","timestamp":"2025-01-30T19:36:59.872Z"}
{"level":"info","message":"Server is running on port 8000","timestamp":"2025-01-30T19:36:59.878Z"}
{"level":"info","message":"\n mongo db connected !! db host: cluster0-shard-00-00.4v9hr.mongodb.net","timestamp":"2025-01-30T19:37:03.524Z"}
{"level":"info","message":"Server is running on port 8000","timestamp":"2025-01-30T19:37:03.528Z"}
{"level":"info","message":"\n mongo db connected !! db host: cluster0-shard-00-00.4v9hr.mongodb.net","timestamp":"2025-01-30T19:37:08.116Z"}
{"level":"info","message":"Server is running on port 8000","timestamp":"2025-01-30T19:37:08.127Z"}
{"level":"info","message":"\n mongo db connected !! db host: cluster0-shard-00-00.4v9hr.mongodb.net","timestamp":"2025-01-30T19:37:11.134Z"}
{"level":"info","message":"Server is running on port 8000","timestamp":"2025-01-30T19:37:11.148Z"}
{"level":"info","message":"\n mongo db connected !! db host: cluster0-shard-00-00.4v9hr.mongodb.net","timestamp":"2025-01-30T19:37:14.389Z"}
{"level":"info","message":"Server is running on port 8000","timestamp":"2025-01-30T19:37:14.394Z"}
{"level":"info","message":"\n mongo db connected !! db host: cluster0-shard-00-00.4v9hr.mongodb.net","timestamp":"2025-01-30T19:37:21.888Z"}
{"level":"info","message":"Server is running on port 8000","timestamp":"2025-01-30T19:37:21.898Z"}
{"level":"info","message":"\n mongo db connected !! db host: cluster0-shard-00-00.4v9hr.mongodb.net","timestamp":"2025-01-30T19:37:23.791Z"}
{"level":"info","message":"Server is running on port 8000","timestamp":"2025-01-30T19:37:23.796Z"}
{"level":"info","message":"\n mongo db connected !! db host: cluster0-shard-00-00.4v9hr.mongodb.net","timestamp":"2025-01-30T19:37:26.907Z"}
{"level":"info","message":"Server is running on port 8000","timestamp":"2025-01-30T19:37:26.916Z"}
{"level":"info","message":"\n mongo db connected !! db host: cluster0-shard-00-00.4v9hr.mongodb.net","timestamp":"2025-01-30T19:37:28.960Z"}
{"level":"info","message":"Server is running on port 8000","timestamp":"2025-01-30T19:37:28.972Z"}
{"level":"info","message":"\n mongo db connected !! db host: cluster0-shard-00-00.4v9hr.mongodb.net","timestamp":"2025-01-30T19:37:48.800Z"}
{"level":"info","message":"Server is running on port 8000","timestamp":"2025-01-30T19:37:48.804Z"}
{"level":"info","message":"\n mongo db connected !! db host: cluster0-shard-00-00.4v9hr.mongodb.net","timestamp":"2025-01-30T19:37:50.999Z"}
{"level":"info","message":"Server is running on port 8000","timestamp":"2025-01-30T19:37:51.006Z"}
{"level":"info","message":"\n mongo db connected !! db host: cluster0-shard-00-00.4v9hr.mongodb.net","timestamp":"2025-01-30T19:38:14.764Z"}
{"level":"info","message":"Server is running on port 8000","timestamp":"2025-01-30T19:38:14.776Z"}
{"level":"info","message":"\n mongo db connected !! db host: cluster0-shard-00-00.4v9hr.mongodb.net","timestamp":"2025-01-30T19:38:27.119Z"}
{"level":"info","message":"Server is running on port 8000","timestamp":"2025-01-30T19:38:27.123Z"}
{"level":"info","message":"\n mongo db connected !! db host: cluster0-shard-00-00.4v9hr.mongodb.net","timestamp":"2025-01-30T20:43:45.482Z"}
{"level":"info","message":"Server is running on port 8000","timestamp":"2025-01-30T20:43:45.493Z"}
{"level":"info","message":"\n mongo db connected !! db host: cluster0-shard-00-00.4v9hr.mongodb.net","timestamp":"2025-01-31T05:12:18.846Z"}
{"level":"info","message":"Server is running on port 8000","timestamp":"2025-01-31T05:12:18.859Z"}
{"level":"info","message":"{\"method\":\"GET\",\"url\":\"/api/product/create-product\",\"status\":\"404\",\"responseTime\":2.106}","timestamp":"2025-01-31T05:14:20.085Z"}
{"level":"info","message":"{\"method\":\"GET\",\"url\":\"/api/create-product\",\"status\":\"404\",\"responseTime\":0.516}","timestamp":"2025-01-31T05:14:31.094Z"}
{"level":"info","message":"\n mongo db connected !! db host: cluster0-shard-00-00.4v9hr.mongodb.net","timestamp":"2025-01-31T05:14:43.888Z"}
{"level":"info","message":"Server is running on port 8000","timestamp":"2025-01-31T05:14:43.893Z"}
{"level":"info","message":"\n mongo db connected !! db host: cluster0-shard-00-00.4v9hr.mongodb.net","timestamp":"2025-01-31T05:14:46.643Z"}
{"level":"info","message":"Server is running on port 8000","timestamp":"2025-01-31T05:14:46.647Z"}
{"level":"info","message":"{\"method\":\"GET\",\"url\":\"/api/create-product\",\"status\":\"404\",\"responseTime\":1.487}","timestamp":"2025-01-31T05:14:49.372Z"}
{"level":"info","message":"\n mongo db connected !! db host: cluster0-shard-00-00.4v9hr.mongodb.net","timestamp":"2025-01-31T05:14:54.840Z"}
{"level":"info","message":"Server is running on port 8000","timestamp":"2025-01-31T05:14:54.845Z"}
{"level":"info","message":"{\"method\":\"GET\",\"url\":\"/api/product/create-product\",\"status\":\"404\",\"responseTime\":1.731}","timestamp":"2025-01-31T05:15:06.804Z"}
{"level":"error","message":"Category, price and total number are required","stack":"Error: Category, price and total number are required\n    at file:///C:/FSDM/TERM3/MERN'/term_3_react_project/backend/controllers/product.controller.js:15:11\n    at file:///C:/FSDM/TERM3/MERN'/term_3_react_project/backend/utils/asyncHandler.js:3:21\n    at Layer.handle [as handle_request] (C:\\FSDM\\TERM3\\MERN'\\term_3_react_project\\node_modules\\express\\lib\\router\\layer.js:95:5)\n    at next (C:\\FSDM\\TERM3\\MERN'\\term_3_react_project\\node_modules\\express\\lib\\router\\route.js:149:13)\n    at Route.dispatch (C:\\FSDM\\TERM3\\MERN'\\term_3_react_project\\node_modules\\express\\lib\\router\\route.js:119:3)\n    at Layer.handle [as handle_request] (C:\\FSDM\\TERM3\\MERN'\\term_3_react_project\\node_modules\\express\\lib\\router\\layer.js:95:5)\n    at C:\\FSDM\\TERM3\\MERN'\\term_3_react_project\\node_modules\\express\\lib\\router\\index.js:284:15\n    at Function.process_params (C:\\FSDM\\TERM3\\MERN'\\term_3_react_project\\node_modules\\express\\lib\\router\\index.js:346:12)\n    at next (C:\\FSDM\\TERM3\\MERN'\\term_3_react_project\\node_modules\\express\\lib\\router\\index.js:280:10)\n    at Function.handle (C:\\FSDM\\TERM3\\MERN'\\term_3_react_project\\node_modules\\express\\lib\\router\\index.js:175:3)","statusCode":400,"timestamp":"2025-01-31T05:15:38.023Z"}
{"level":"info","message":"{\"method\":\"POST\",\"url\":\"/api/product/create-product\",\"status\":\"400\",\"responseTime\":3.419}","timestamp":"2025-01-31T05:15:38.026Z"}
{"level":"info","message":"\n mongo db connected !! db host: cluster0-shard-00-00.4v9hr.mongodb.net","timestamp":"2025-01-31T06:58:08.196Z"}
{"level":"info","message":"Server is running on port 8000","timestamp":"2025-01-31T06:58:08.202Z"}
{"level":"info","message":"\n mongo db connected !! db host: cluster0-shard-00-00.4v9hr.mongodb.net","timestamp":"2025-01-31T06:58:51.987Z"}
{"level":"info","message":"Server is running on port 8000","timestamp":"2025-01-31T06:58:51.998Z"}
{"level":"info","message":"\n mongo db connected !! db host: cluster0-shard-00-00.4v9hr.mongodb.net","timestamp":"2025-01-31T06:58:54.767Z"}
{"level":"info","message":"Server is running on port 8000","timestamp":"2025-01-31T06:58:54.771Z"}
{"level":"info","message":"\n mongo db connected !! db host: cluster0-shard-00-00.4v9hr.mongodb.net","timestamp":"2025-01-31T06:59:08.739Z"}
{"level":"info","message":"Server is running on port 8000","timestamp":"2025-01-31T06:59:08.750Z"}
{"level":"info","message":"\n mongo db connected !! db host: cluster0-shard-00-00.4v9hr.mongodb.net","timestamp":"2025-01-31T06:59:32.660Z"}
{"level":"info","message":"Server is running on port 8000","timestamp":"2025-01-31T06:59:32.666Z"}
{"level":"info","message":"\n mongo db connected !! db host: cluster0-shard-00-00.4v9hr.mongodb.net","timestamp":"2025-01-31T06:59:34.798Z"}
{"level":"info","message":"Server is running on port 8000","timestamp":"2025-01-31T06:59:34.808Z"}
{"level":"info","message":"\n mongo db connected !! db host: cluster0-shard-00-00.4v9hr.mongodb.net","timestamp":"2025-01-31T07:00:00.110Z"}
{"level":"info","message":"Server is running on port 8000","timestamp":"2025-01-31T07:00:00.114Z"}
{"level":"info","message":"\n mongo db connected !! db host: cluster0-shard-00-00.4v9hr.mongodb.net","timestamp":"2025-01-31T07:02:30.120Z"}
{"level":"info","message":"Server is running on port 8000","timestamp":"2025-01-31T07:02:30.132Z"}
{"level":"info","message":"\n mongo db connected !! db host: cluster0-shard-00-00.4v9hr.mongodb.net","timestamp":"2025-01-31T07:02:33.957Z"}
{"level":"info","message":"Server is running on port 8000","timestamp":"2025-01-31T07:02:33.969Z"}
{"level":"info","message":"\n mongo db connected !! db host: cluster0-shard-00-00.4v9hr.mongodb.net","timestamp":"2025-01-31T07:02:50.875Z"}
{"level":"info","message":"Server is running on port 8000","timestamp":"2025-01-31T07:02:50.885Z"}
{"level":"info","message":"\n mongo db connected !! db host: cluster0-shard-00-00.4v9hr.mongodb.net","timestamp":"2025-01-31T07:05:31.892Z"}
{"level":"info","message":"Server is running on port 8000","timestamp":"2025-01-31T07:05:31.896Z"}
{"level":"info","message":"\n mongo db connected !! db host: cluster0-shard-00-00.4v9hr.mongodb.net","timestamp":"2025-01-31T07:07:12.436Z"}
{"level":"info","message":"Server is running on port 8000","timestamp":"2025-01-31T07:07:12.447Z"}
{"level":"info","message":"\n mongo db connected !! db host: cluster0-shard-00-00.4v9hr.mongodb.net","timestamp":"2025-01-31T07:07:18.615Z"}
{"level":"info","message":"Server is running on port 8000","timestamp":"2025-01-31T07:07:18.619Z"}
{"level":"info","message":"\n mongo db connected !! db host: cluster0-shard-00-00.4v9hr.mongodb.net","timestamp":"2025-01-31T07:07:20.731Z"}
{"level":"info","message":"Server is running on port 8000","timestamp":"2025-01-31T07:07:20.742Z"}
{"level":"info","message":"\n mongo db connected !! db host: cluster0-shard-00-00.4v9hr.mongodb.net","timestamp":"2025-01-31T07:07:31.066Z"}
{"level":"info","message":"Server is running on port 8000","timestamp":"2025-01-31T07:07:31.076Z"}
{"level":"info","message":"\n mongo db connected !! db host: cluster0-shard-00-00.4v9hr.mongodb.net","timestamp":"2025-01-31T07:07:33.451Z"}
{"level":"info","message":"Server is running on port 8000","timestamp":"2025-01-31T07:07:33.456Z"}
{"level":"info","message":"\n mongo db connected !! db host: cluster0-shard-00-00.4v9hr.mongodb.net","timestamp":"2025-01-31T07:07:37.927Z"}
{"level":"info","message":"Server is running on port 8000","timestamp":"2025-01-31T07:07:37.937Z"}
{"level":"info","message":"\n mongo db connected !! db host: cluster0-shard-00-00.4v9hr.mongodb.net","timestamp":"2025-01-31T07:07:42.529Z"}
{"level":"info","message":"Server is running on port 8000","timestamp":"2025-01-31T07:07:42.538Z"}
{"level":"info","message":"\n mongo db connected !! db host: cluster0-shard-00-00.4v9hr.mongodb.net","timestamp":"2025-01-31T07:09:52.078Z"}
{"level":"info","message":"Server is running on port 8000","timestamp":"2025-01-31T07:09:52.083Z"}
{"level":"info","message":"\n mongo db connected !! db host: cluster0-shard-00-00.4v9hr.mongodb.net","timestamp":"2025-01-31T07:09:55.422Z"}
{"level":"info","message":"Server is running on port 8000","timestamp":"2025-01-31T07:09:55.433Z"}
{"level":"info","message":"\n mongo db connected !! db host: cluster0-shard-00-00.4v9hr.mongodb.net","timestamp":"2025-01-31T07:10:08.474Z"}
{"level":"info","message":"Server is running on port 8000","timestamp":"2025-01-31T07:10:08.486Z"}
{"level":"info","message":"\n mongo db connected !! db host: cluster0-shard-00-00.4v9hr.mongodb.net","timestamp":"2025-01-31T07:10:13.860Z"}
{"level":"info","message":"Server is running on port 8000","timestamp":"2025-01-31T07:10:13.864Z"}
{"level":"info","message":"\n mongo db connected !! db host: cluster0-shard-00-00.4v9hr.mongodb.net","timestamp":"2025-01-31T07:10:51.571Z"}
{"level":"info","message":"Server is running on port 8000","timestamp":"2025-01-31T07:10:51.575Z"}
{"level":"info","message":"\n mongo db connected !! db host: cluster0-shard-00-00.4v9hr.mongodb.net","timestamp":"2025-01-31T07:11:00.679Z"}
{"level":"info","message":"Server is running on port 8000","timestamp":"2025-01-31T07:11:00.683Z"}
{"level":"info","message":"\n mongo db connected !! db host: cluster0-shard-00-00.4v9hr.mongodb.net","timestamp":"2025-01-31T07:11:05.228Z"}
{"level":"info","message":"Server is running on port 8000","timestamp":"2025-01-31T07:11:05.237Z"}
{"level":"info","message":"\n mongo db connected !! db host: cluster0-shard-00-00.4v9hr.mongodb.net","timestamp":"2025-01-31T07:11:17.593Z"}
{"level":"info","message":"Server is running on port 8000","timestamp":"2025-01-31T07:11:17.603Z"}
{"level":"info","message":"\n mongo db connected !! db host: cluster0-shard-00-00.4v9hr.mongodb.net","timestamp":"2025-01-31T07:11:23.157Z"}
{"level":"info","message":"Server is running on port 8000","timestamp":"2025-01-31T07:11:23.160Z"}
{"level":"info","message":"\n mongo db connected !! db host: cluster0-shard-00-00.4v9hr.mongodb.net","timestamp":"2025-01-31T07:11:27.940Z"}
{"level":"info","message":"Server is running on port 8000","timestamp":"2025-01-31T07:11:27.951Z"}
{"level":"info","message":"\n mongo db connected !! db host: cluster0-shard-00-00.4v9hr.mongodb.net","timestamp":"2025-01-31T07:11:29.738Z"}
{"level":"info","message":"Server is running on port 8000","timestamp":"2025-01-31T07:11:29.749Z"}
{"level":"info","message":"\n mongo db connected !! db host: cluster0-shard-00-00.4v9hr.mongodb.net","timestamp":"2025-01-31T07:11:35.838Z"}
{"level":"info","message":"Server is running on port 8000","timestamp":"2025-01-31T07:11:35.848Z"}
{"level":"info","message":"\n mongo db connected !! db host: cluster0-shard-00-00.4v9hr.mongodb.net","timestamp":"2025-01-31T07:11:40.453Z"}
{"level":"info","message":"Server is running on port 8000","timestamp":"2025-01-31T07:11:40.458Z"}
{"level":"info","message":"\n mongo db connected !! db host: cluster0-shard-00-00.4v9hr.mongodb.net","timestamp":"2025-01-31T07:11:44.655Z"}
{"level":"info","message":"Server is running on port 8000","timestamp":"2025-01-31T07:11:44.661Z"}
{"level":"info","message":"\n mongo db connected !! db host: cluster0-shard-00-00.4v9hr.mongodb.net","timestamp":"2025-01-31T07:11:46.281Z"}
{"level":"info","message":"Server is running on port 8000","timestamp":"2025-01-31T07:11:46.284Z"}
{"level":"info","message":"\n mongo db connected !! db host: cluster0-shard-00-00.4v9hr.mongodb.net","timestamp":"2025-01-31T07:11:47.909Z"}
{"level":"info","message":"Server is running on port 8000","timestamp":"2025-01-31T07:11:47.920Z"}
{"level":"info","message":"\n mongo db connected !! db host: cluster0-shard-00-00.4v9hr.mongodb.net","timestamp":"2025-01-31T07:11:58.271Z"}
{"level":"info","message":"Server is running on port 8000","timestamp":"2025-01-31T07:11:58.275Z"}
{"level":"info","message":"\n mongo db connected !! db host: cluster0-shard-00-00.4v9hr.mongodb.net","timestamp":"2025-01-31T07:12:03.534Z"}
{"level":"info","message":"Server is running on port 8000","timestamp":"2025-01-31T07:12:03.545Z"}
{"level":"info","message":"\n mongo db connected !! db host: cluster0-shard-00-00.4v9hr.mongodb.net","timestamp":"2025-01-31T07:13:10.230Z"}
{"level":"info","message":"\n mongo db connected !! db host: cluster0-shard-00-00.4v9hr.mongodb.net","timestamp":"2025-01-31T07:13:30.787Z"}
{"level":"info","message":"{\"method\":\"POST\",\"url\":\"/api/product/create-product\",\"status\":\"404\",\"responseTime\":3.625}","timestamp":"2025-01-31T07:14:02.616Z"}
{"level":"info","message":"\n mongo db connected !! db host: cluster0-shard-00-00.4v9hr.mongodb.net","timestamp":"2025-01-31T07:14:41.767Z"}
{"level":"info","message":"\n mongo db connected !! db host: cluster0-shard-00-00.4v9hr.mongodb.net","timestamp":"2025-01-31T07:15:20.643Z"}
{"level":"info","message":"Server is running on port 9000","timestamp":"2025-01-31T07:15:20.648Z"}
{"level":"info","message":"{\"method\":\"POST\",\"url\":\"/api/product/create-product\",\"status\":\"404\",\"responseTime\":3.349}","timestamp":"2025-01-31T07:15:41.686Z"}
{"level":"info","message":"{\"method\":\"POST\",\"url\":\"/api/product/create-product\",\"status\":\"404\",\"responseTime\":2.519}","timestamp":"2025-01-31T07:15:50.434Z"}
{"level":"info","message":"{\"method\":\"POST\",\"url\":\"/api/product/\",\"status\":\"404\",\"responseTime\":0.621}","timestamp":"2025-01-31T07:15:55.420Z"}
{"level":"info","message":"{\"method\":\"POST\",\"url\":\"/api/product\",\"status\":\"404\",\"responseTime\":0.396}","timestamp":"2025-01-31T07:15:57.632Z"}
{"level":"error","message":"Category, price, and total number are required","stack":"Error: Category, price, and total number are required\n    at file:///C:/FSDM/TERM3/MERN'/term_3_react_project/backend/controllers/product.controller.js:18:11\n    at file:///C:/FSDM/TERM3/MERN'/term_3_react_project/backend/utils/asyncHandler.js:3:21\n    at Layer.handle [as handle_request] (C:\\FSDM\\TERM3\\MERN'\\term_3_react_project\\node_modules\\express\\lib\\router\\layer.js:95:5)\n    at next (C:\\FSDM\\TERM3\\MERN'\\term_3_react_project\\node_modules\\express\\lib\\router\\route.js:149:13)\n    at Route.dispatch (C:\\FSDM\\TERM3\\MERN'\\term_3_react_project\\node_modules\\express\\lib\\router\\route.js:119:3)\n    at Layer.handle [as handle_request] (C:\\FSDM\\TERM3\\MERN'\\term_3_react_project\\node_modules\\express\\lib\\router\\layer.js:95:5)\n    at C:\\FSDM\\TERM3\\MERN'\\term_3_react_project\\node_modules\\express\\lib\\router\\index.js:284:15\n    at Function.process_params (C:\\FSDM\\TERM3\\MERN'\\term_3_react_project\\node_modules\\express\\lib\\router\\index.js:346:12)\n    at next (C:\\FSDM\\TERM3\\MERN'\\term_3_react_project\\node_modules\\express\\lib\\router\\index.js:280:10)\n    at Function.handle (C:\\FSDM\\TERM3\\MERN'\\term_3_react_project\\node_modules\\express\\lib\\router\\index.js:175:3)","statusCode":400,"timestamp":"2025-01-31T07:16:00.974Z"}
{"level":"info","message":"{\"method\":\"POST\",\"url\":\"/api/products\",\"status\":\"400\",\"responseTime\":6.175}","timestamp":"2025-01-31T07:16:00.979Z"}
{"level":"error","message":"Invalid Category","stack":"Error: Invalid Category\n    at file:///C:/FSDM/TERM3/MERN'/term_3_react_project/backend/controllers/product.controller.js:32:11\n    at process.processTicksAndRejections (node:internal/process/task_queues:95:5)","statusCode":400,"timestamp":"2025-01-31T07:16:35.197Z"}
{"level":"info","message":"{\"method\":\"POST\",\"url\":\"/api/products\",\"status\":\"400\",\"responseTime\":71.291}","timestamp":"2025-01-31T07:16:35.198Z"}
{"level":"info","message":"\n mongo db connected !! db host: cluster0-shard-00-00.4v9hr.mongodb.net","timestamp":"2025-01-31T07:17:07.797Z"}
{"level":"info","message":"Server is running on port 9000","timestamp":"2025-01-31T07:17:07.809Z"}
{"level":"info","message":"\n mongo db connected !! db host: cluster0-shard-00-00.4v9hr.mongodb.net","timestamp":"2025-01-31T07:17:07.821Z"}
{"level":"info","message":"\n mongo db connected !! db host: cluster0-shard-00-00.4v9hr.mongodb.net","timestamp":"2025-01-31T07:17:21.444Z"}
{"level":"info","message":"\n mongo db connected !! db host: cluster0-shard-00-00.4v9hr.mongodb.net","timestamp":"2025-01-31T07:17:41.198Z"}
{"level":"info","message":"Server is running on port 8000","timestamp":"2025-01-31T07:17:41.210Z"}
{"level":"error","message":"Invalid Category","stack":"Error: Invalid Category\n    at file:///C:/FSDM/TERM3/MERN'/term_3_react_project/backend/controllers/product.controller.js:32:11\n    at process.processTicksAndRejections (node:internal/process/task_queues:95:5)","statusCode":400,"timestamp":"2025-01-31T07:17:47.306Z"}
{"level":"info","message":"{\"method\":\"POST\",\"url\":\"/api/products\",\"status\":\"400\",\"responseTime\":84.18}","timestamp":"2025-01-31T07:17:47.319Z"}
{"level":"info","message":"\n mongo db connected !! db host: cluster0-shard-00-00.4v9hr.mongodb.net","timestamp":"2025-01-31T07:18:15.507Z"}
{"level":"info","message":"Server is running on port 8000","timestamp":"2025-01-31T07:18:15.517Z"}
{"level":"info","message":"\n mongo db connected !! db host: cluster0-shard-00-00.4v9hr.mongodb.net","timestamp":"2025-01-31T08:11:08.502Z"}
{"level":"info","message":"Server is running on port 8000","timestamp":"2025-01-31T08:11:08.513Z"}
{"level":"info","message":"\n mongo db connected !! db host: cluster0-shard-00-00.4v9hr.mongodb.net","timestamp":"2025-01-31T08:11:13.529Z"}
{"level":"info","message":"Server is running on port 8000","timestamp":"2025-01-31T08:11:13.535Z"}
{"level":"info","message":"\n mongo db connected !! db host: cluster0-shard-00-00.4v9hr.mongodb.net","timestamp":"2025-01-31T08:11:36.299Z"}
{"level":"info","message":"Server is running on port 8000","timestamp":"2025-01-31T08:11:36.306Z"}
{"level":"info","message":"\n mongo db connected !! db host: cluster0-shard-00-00.4v9hr.mongodb.net","timestamp":"2025-01-31T08:11:40.995Z"}
{"level":"info","message":"Server is running on port 8000","timestamp":"2025-01-31T08:11:41.007Z"}
{"level":"info","message":"\n mongo db connected !! db host: cluster0-shard-00-00.4v9hr.mongodb.net","timestamp":"2025-01-31T08:11:46.302Z"}
{"level":"info","message":"Server is running on port 8000","timestamp":"2025-01-31T08:11:46.313Z"}
{"level":"info","message":"\n mongo db connected !! db host: cluster0-shard-00-00.4v9hr.mongodb.net","timestamp":"2025-01-31T08:11:55.619Z"}
{"level":"info","message":"Server is running on port 8000","timestamp":"2025-01-31T08:11:55.625Z"}
{"level":"info","message":"\n mongo db connected !! db host: cluster0-shard-00-00.4v9hr.mongodb.net","timestamp":"2025-01-31T08:12:06.087Z"}
{"level":"info","message":"Server is running on port 8000","timestamp":"2025-01-31T08:12:06.096Z"}
{"level":"info","message":"\n mongo db connected !! db host: cluster0-shard-00-00.4v9hr.mongodb.net","timestamp":"2025-01-31T08:12:39.416Z"}
{"level":"info","message":"Server is running on port 8000","timestamp":"2025-01-31T08:12:39.426Z"}
{"level":"info","message":"\n mongo db connected !! db host: cluster0-shard-00-00.4v9hr.mongodb.net","timestamp":"2025-01-31T08:12:52.251Z"}
{"level":"info","message":"Server is running on port 8000","timestamp":"2025-01-31T08:12:52.263Z"}
{"level":"info","message":"\n mongo db connected !! db host: cluster0-shard-00-00.4v9hr.mongodb.net","timestamp":"2025-01-31T08:13:39.593Z"}
{"level":"info","message":"Server is running on port 8000","timestamp":"2025-01-31T08:13:39.604Z"}
{"level":"info","message":"\n mongo db connected !! db host: cluster0-shard-00-00.4v9hr.mongodb.net","timestamp":"2025-01-31T08:13:42.459Z"}
{"level":"info","message":"Server is running on port 8000","timestamp":"2025-01-31T08:13:42.468Z"}
{"level":"info","message":"\n mongo db connected !! db host: cluster0-shard-00-00.4v9hr.mongodb.net","timestamp":"2025-01-31T08:13:49.442Z"}
{"level":"info","message":"Server is running on port 8000","timestamp":"2025-01-31T08:13:49.445Z"}
{"level":"info","message":"\n mongo db connected !! db host: cluster0-shard-00-00.4v9hr.mongodb.net","timestamp":"2025-01-31T08:14:03.092Z"}
{"level":"info","message":"Server is running on port 8000","timestamp":"2025-01-31T08:14:03.101Z"}
{"level":"info","message":"\n mongo db connected !! db host: cluster0-shard-00-00.4v9hr.mongodb.net","timestamp":"2025-01-31T08:14:07.771Z"}
{"level":"info","message":"Server is running on port 8000","timestamp":"2025-01-31T08:14:07.781Z"}
{"level":"info","message":"\n mongo db connected !! db host: cluster0-shard-00-00.4v9hr.mongodb.net","timestamp":"2025-01-31T08:14:13.271Z"}
{"level":"info","message":"Server is running on port 8000","timestamp":"2025-01-31T08:14:13.278Z"}
{"level":"info","message":"\n mongo db connected !! db host: cluster0-shard-00-00.4v9hr.mongodb.net","timestamp":"2025-01-31T08:15:19.001Z"}
{"level":"info","message":"Server is running on port 8000","timestamp":"2025-01-31T08:15:19.008Z"}
{"level":"info","message":"\n mongo db connected !! db host: cluster0-shard-00-00.4v9hr.mongodb.net","timestamp":"2025-01-31T08:21:25.484Z"}
{"level":"info","message":"Server is running on port 8000","timestamp":"2025-01-31T08:21:25.495Z"}
{"level":"info","message":"\n mongo db connected !! db host: cluster0-shard-00-00.4v9hr.mongodb.net","timestamp":"2025-01-31T08:21:27.703Z"}
{"level":"info","message":"Server is running on port 8000","timestamp":"2025-01-31T08:21:27.715Z"}
{"level":"info","message":"\n mongo db connected !! db host: cluster0-shard-00-00.4v9hr.mongodb.net","timestamp":"2025-01-31T08:21:30.717Z"}
{"level":"info","message":"Server is running on port 8000","timestamp":"2025-01-31T08:21:30.722Z"}
{"level":"info","message":"\n mongo db connected !! db host: cluster0-shard-00-00.4v9hr.mongodb.net","timestamp":"2025-01-31T08:21:41.360Z"}
{"level":"info","message":"Server is running on port 8000","timestamp":"2025-01-31T08:21:41.369Z"}
{"level":"info","message":"\n mongo db connected !! db host: cluster0-shard-00-00.4v9hr.mongodb.net","timestamp":"2025-01-31T08:21:43.690Z"}
{"level":"info","message":"Server is running on port 8000","timestamp":"2025-01-31T08:21:43.702Z"}
{"level":"info","message":"\n mongo db connected !! db host: cluster0-shard-00-00.4v9hr.mongodb.net","timestamp":"2025-01-31T08:21:45.865Z"}
{"level":"info","message":"Server is running on port 8000","timestamp":"2025-01-31T08:21:45.869Z"}
{"level":"info","message":"\n mongo db connected !! db host: cluster0-shard-00-00.4v9hr.mongodb.net","timestamp":"2025-01-31T08:21:48.403Z"}
{"level":"info","message":"Server is running on port 8000","timestamp":"2025-01-31T08:21:48.414Z"}
{"level":"info","message":"\n mongo db connected !! db host: cluster0-shard-00-00.4v9hr.mongodb.net","timestamp":"2025-01-31T08:21:50.223Z"}
{"level":"info","message":"Server is running on port 8000","timestamp":"2025-01-31T08:21:50.234Z"}
{"level":"info","message":"\n mongo db connected !! db host: cluster0-shard-00-00.4v9hr.mongodb.net","timestamp":"2025-01-31T08:21:52.597Z"}
{"level":"info","message":"Server is running on port 8000","timestamp":"2025-01-31T08:21:52.608Z"}
{"level":"info","message":"\n mongo db connected !! db host: cluster0-shard-00-00.4v9hr.mongodb.net","timestamp":"2025-01-31T08:21:57.980Z"}
{"level":"info","message":"Server is running on port 8000","timestamp":"2025-01-31T08:21:57.985Z"}
{"level":"info","message":"\n mongo db connected !! db host: cluster0-shard-00-00.4v9hr.mongodb.net","timestamp":"2025-01-31T08:22:04.964Z"}
{"level":"info","message":"Server is running on port 8000","timestamp":"2025-01-31T08:22:04.968Z"}
{"level":"info","message":"\n mongo db connected !! db host: cluster0-shard-00-00.4v9hr.mongodb.net","timestamp":"2025-01-31T08:22:08.306Z"}
{"level":"info","message":"Server is running on port 8000","timestamp":"2025-01-31T08:22:08.315Z"}
{"level":"info","message":"\n mongo db connected !! db host: cluster0-shard-00-00.4v9hr.mongodb.net","timestamp":"2025-01-31T08:22:10.973Z"}
{"level":"info","message":"Server is running on port 8000","timestamp":"2025-01-31T08:22:10.982Z"}
{"level":"info","message":"\n mongo db connected !! db host: cluster0-shard-00-00.4v9hr.mongodb.net","timestamp":"2025-01-31T08:22:18.597Z"}
{"level":"info","message":"Server is running on port 8000","timestamp":"2025-01-31T08:22:18.605Z"}
{"level":"info","message":"\n mongo db connected !! db host: cluster0-shard-00-00.4v9hr.mongodb.net","timestamp":"2025-01-31T08:22:28.871Z"}
{"level":"info","message":"Server is running on port 8000","timestamp":"2025-01-31T08:22:28.881Z"}
{"level":"info","message":"\n mongo db connected !! db host: cluster0-shard-00-00.4v9hr.mongodb.net","timestamp":"2025-01-31T08:22:32.521Z"}
{"level":"info","message":"Server is running on port 8000","timestamp":"2025-01-31T08:22:32.525Z"}
{"level":"info","message":"\n mongo db connected !! db host: cluster0-shard-00-00.4v9hr.mongodb.net","timestamp":"2025-01-31T08:22:56.912Z"}
{"level":"info","message":"Server is running on port 8000","timestamp":"2025-01-31T08:22:56.917Z"}
{"level":"info","message":"\n mongo db connected !! db host: cluster0-shard-00-00.4v9hr.mongodb.net","timestamp":"2025-01-31T08:23:01.800Z"}
{"level":"info","message":"Server is running on port 8000","timestamp":"2025-01-31T08:23:01.808Z"}
{"level":"info","message":"\n mongo db connected !! db host: cluster0-shard-00-00.4v9hr.mongodb.net","timestamp":"2025-01-31T08:23:03.543Z"}
{"level":"info","message":"Server is running on port 8000","timestamp":"2025-01-31T08:23:03.552Z"}
{"level":"info","message":"\n mongo db connected !! db host: cluster0-shard-00-00.4v9hr.mongodb.net","timestamp":"2025-01-31T08:23:07.711Z"}
{"level":"info","message":"Server is running on port 8000","timestamp":"2025-01-31T08:23:07.722Z"}
{"level":"info","message":"\n mongo db connected !! db host: cluster0-shard-00-00.4v9hr.mongodb.net","timestamp":"2025-01-31T08:23:10.812Z"}
{"level":"info","message":"\n mongo db connected !! db host: cluster0-shard-00-00.4v9hr.mongodb.net","timestamp":"2025-01-31T08:23:12.283Z"}
{"level":"info","message":"Server is running on port 8000","timestamp":"2025-01-31T08:23:12.296Z"}
{"level":"info","message":"\n mongo db connected !! db host: cluster0-shard-00-00.4v9hr.mongodb.net","timestamp":"2025-01-31T08:23:20.157Z"}
{"level":"info","message":"Server is running on port 8000","timestamp":"2025-01-31T08:23:20.164Z"}
{"level":"info","message":"\n mongo db connected !! db host: cluster0-shard-00-00.4v9hr.mongodb.net","timestamp":"2025-01-31T08:23:25.730Z"}
{"level":"info","message":"Server is running on port 8000","timestamp":"2025-01-31T08:23:25.741Z"}
{"level":"info","message":"\n mongo db connected !! db host: cluster0-shard-00-00.4v9hr.mongodb.net","timestamp":"2025-01-31T08:23:45.470Z"}
{"level":"info","message":"Server is running on port 8000","timestamp":"2025-01-31T08:23:45.474Z"}
{"level":"info","message":"\n mongo db connected !! db host: cluster0-shard-00-00.4v9hr.mongodb.net","timestamp":"2025-01-31T08:23:47.454Z"}
{"level":"info","message":"Server is running on port 8000","timestamp":"2025-01-31T08:23:47.464Z"}
{"level":"info","message":"\n mongo db connected !! db host: cluster0-shard-00-00.4v9hr.mongodb.net","timestamp":"2025-01-31T08:23:56.668Z"}
{"level":"info","message":"Server is running on port 8000","timestamp":"2025-01-31T08:23:56.677Z"}
{"level":"info","message":"\n mongo db connected !! db host: cluster0-shard-00-00.4v9hr.mongodb.net","timestamp":"2025-01-31T08:23:58.567Z"}
{"level":"info","message":"Server is running on port 8000","timestamp":"2025-01-31T08:23:58.578Z"}
{"level":"info","message":"\n mongo db connected !! db host: cluster0-shard-00-00.4v9hr.mongodb.net","timestamp":"2025-01-31T08:24:02.100Z"}
{"level":"info","message":"Server is running on port 8000","timestamp":"2025-01-31T08:24:02.109Z"}
{"level":"info","message":"\n mongo db connected !! db host: cluster0-shard-00-00.4v9hr.mongodb.net","timestamp":"2025-01-31T08:24:06.726Z"}
{"level":"info","message":"Server is running on port 8000","timestamp":"2025-01-31T08:24:06.730Z"}
{"level":"info","message":"\n mongo db connected !! db host: cluster0-shard-00-00.4v9hr.mongodb.net","timestamp":"2025-01-31T08:24:09.628Z"}
{"level":"info","message":"Server is running on port 8000","timestamp":"2025-01-31T08:24:09.638Z"}
{"level":"info","message":"\n mongo db connected !! db host: cluster0-shard-00-00.4v9hr.mongodb.net","timestamp":"2025-01-31T08:24:12.620Z"}
{"level":"info","message":"Server is running on port 8000","timestamp":"2025-01-31T08:24:12.625Z"}
{"level":"info","message":"\n mongo db connected !! db host: cluster0-shard-00-00.4v9hr.mongodb.net","timestamp":"2025-01-31T08:24:14.289Z"}
{"level":"info","message":"Server is running on port 8000","timestamp":"2025-01-31T08:24:14.297Z"}
{"level":"info","message":"\n mongo db connected !! db host: cluster0-shard-00-00.4v9hr.mongodb.net","timestamp":"2025-01-31T08:24:17.675Z"}
{"level":"info","message":"Server is running on port 8000","timestamp":"2025-01-31T08:24:17.686Z"}
{"level":"info","message":"\n mongo db connected !! db host: cluster0-shard-00-00.4v9hr.mongodb.net","timestamp":"2025-01-31T08:24:30.595Z"}
{"level":"info","message":"Server is running on port 8000","timestamp":"2025-01-31T08:24:30.605Z"}
{"level":"info","message":"\n mongo db connected !! db host: cluster0-shard-00-00.4v9hr.mongodb.net","timestamp":"2025-01-31T08:24:32.637Z"}
{"level":"info","message":"Server is running on port 8000","timestamp":"2025-01-31T08:24:32.648Z"}
{"level":"info","message":"\n mongo db connected !! db host: cluster0-shard-00-00.4v9hr.mongodb.net","timestamp":"2025-01-31T08:24:38.320Z"}
{"level":"info","message":"Server is running on port 8000","timestamp":"2025-01-31T08:24:38.328Z"}
{"level":"info","message":"\n mongo db connected !! db host: cluster0-shard-00-00.4v9hr.mongodb.net","timestamp":"2025-01-31T08:24:40.017Z"}
{"level":"info","message":"Server is running on port 8000","timestamp":"2025-01-31T08:24:40.027Z"}
{"level":"info","message":"\n mongo db connected !! db host: cluster0-shard-00-00.4v9hr.mongodb.net","timestamp":"2025-01-31T08:24:42.903Z"}
{"level":"info","message":"Server is running on port 8000","timestamp":"2025-01-31T08:24:42.914Z"}
{"level":"info","message":"\n mongo db connected !! db host: cluster0-shard-00-00.4v9hr.mongodb.net","timestamp":"2025-01-31T08:24:44.763Z"}
{"level":"info","message":"Server is running on port 8000","timestamp":"2025-01-31T08:24:44.774Z"}
{"level":"info","message":"\n mongo db connected !! db host: cluster0-shard-00-00.4v9hr.mongodb.net","timestamp":"2025-01-31T08:24:47.976Z"}
{"level":"info","message":"Server is running on port 8000","timestamp":"2025-01-31T08:24:47.986Z"}
{"level":"info","message":"\n mongo db connected !! db host: cluster0-shard-00-00.4v9hr.mongodb.net","timestamp":"2025-01-31T08:24:56.660Z"}
{"level":"info","message":"Server is running on port 8000","timestamp":"2025-01-31T08:24:56.669Z"}
{"level":"info","message":"\n mongo db connected !! db host: cluster0-shard-00-00.4v9hr.mongodb.net","timestamp":"2025-01-31T08:25:00.279Z"}
{"level":"info","message":"Server is running on port 8000","timestamp":"2025-01-31T08:25:00.286Z"}
{"level":"info","message":"\n mongo db connected !! db host: cluster0-shard-00-00.4v9hr.mongodb.net","timestamp":"2025-01-31T08:25:02.087Z"}
{"level":"info","message":"Server is running on port 8000","timestamp":"2025-01-31T08:25:02.093Z"}
{"level":"info","message":"\n mongo db connected !! db host: cluster0-shard-00-00.4v9hr.mongodb.net","timestamp":"2025-01-31T08:25:08.109Z"}
{"level":"info","message":"Server is running on port 8000","timestamp":"2025-01-31T08:25:08.119Z"}
{"level":"info","message":"\n mongo db connected !! db host: cluster0-shard-00-00.4v9hr.mongodb.net","timestamp":"2025-01-31T08:25:10.463Z"}
{"level":"info","message":"Server is running on port 8000","timestamp":"2025-01-31T08:25:10.475Z"}
{"level":"info","message":"\n mongo db connected !! db host: cluster0-shard-00-00.4v9hr.mongodb.net","timestamp":"2025-01-31T08:25:15.498Z"}
{"level":"info","message":"Server is running on port 8000","timestamp":"2025-01-31T08:25:15.508Z"}
{"level":"info","message":"\n mongo db connected !! db host: cluster0-shard-00-00.4v9hr.mongodb.net","timestamp":"2025-01-31T08:25:18.039Z"}
{"level":"info","message":"Server is running on port 8000","timestamp":"2025-01-31T08:25:18.050Z"}
{"level":"info","message":"\n mongo db connected !! db host: cluster0-shard-00-00.4v9hr.mongodb.net","timestamp":"2025-01-31T08:25:25.578Z"}
{"level":"info","message":"Server is running on port 8000","timestamp":"2025-01-31T08:25:25.581Z"}
{"level":"info","message":"\n mongo db connected !! db host: cluster0-shard-00-00.4v9hr.mongodb.net","timestamp":"2025-01-31T08:25:29.958Z"}
{"level":"info","message":"Server is running on port 8000","timestamp":"2025-01-31T08:25:29.968Z"}
{"level":"info","message":"\n mongo db connected !! db host: cluster0-shard-00-00.4v9hr.mongodb.net","timestamp":"2025-01-31T08:25:35.291Z"}
{"level":"info","message":"Server is running on port 8000","timestamp":"2025-01-31T08:25:35.295Z"}
{"level":"info","message":"\n mongo db connected !! db host: cluster0-shard-00-00.4v9hr.mongodb.net","timestamp":"2025-01-31T08:25:37.443Z"}
{"level":"info","message":"Server is running on port 8000","timestamp":"2025-01-31T08:25:37.452Z"}
{"level":"info","message":"\n mongo db connected !! db host: cluster0-shard-00-00.4v9hr.mongodb.net","timestamp":"2025-01-31T08:25:42.863Z"}
{"level":"info","message":"Server is running on port 8000","timestamp":"2025-01-31T08:25:42.872Z"}
{"level":"info","message":"\n mongo db connected !! db host: cluster0-shard-00-00.4v9hr.mongodb.net","timestamp":"2025-01-31T08:25:45.110Z"}
{"level":"info","message":"Server is running on port 8000","timestamp":"2025-01-31T08:25:45.118Z"}
{"level":"info","message":"\n mongo db connected !! db host: cluster0-shard-00-00.4v9hr.mongodb.net","timestamp":"2025-01-31T08:25:50.073Z"}
{"level":"info","message":"Server is running on port 8000","timestamp":"2025-01-31T08:25:50.083Z"}
{"level":"info","message":"\n mongo db connected !! db host: cluster0-shard-00-00.4v9hr.mongodb.net","timestamp":"2025-01-31T08:25:55.447Z"}
{"level":"info","message":"Server is running on port 8000","timestamp":"2025-01-31T08:25:55.461Z"}
{"level":"info","message":"\n mongo db connected !! db host: cluster0-shard-00-00.4v9hr.mongodb.net","timestamp":"2025-01-31T08:25:57.687Z"}
{"level":"info","message":"Server is running on port 8000","timestamp":"2025-01-31T08:25:57.696Z"}
{"level":"info","message":"\n mongo db connected !! db host: cluster0-shard-00-00.4v9hr.mongodb.net","timestamp":"2025-01-31T08:25:59.582Z"}
{"level":"info","message":"Server is running on port 8000","timestamp":"2025-01-31T08:25:59.586Z"}
{"level":"info","message":"\n mongo db connected !! db host: cluster0-shard-00-00.4v9hr.mongodb.net","timestamp":"2025-01-31T08:26:02.298Z"}
{"level":"info","message":"Server is running on port 8000","timestamp":"2025-01-31T08:26:02.310Z"}
{"level":"info","message":"\n mongo db connected !! db host: cluster0-shard-00-00.4v9hr.mongodb.net","timestamp":"2025-01-31T08:26:06.260Z"}
{"level":"info","message":"Server is running on port 8000","timestamp":"2025-01-31T08:26:06.269Z"}
{"level":"info","message":"\n mongo db connected !! db host: cluster0-shard-00-00.4v9hr.mongodb.net","timestamp":"2025-01-31T08:26:19.569Z"}
{"level":"info","message":"Server is running on port 8000","timestamp":"2025-01-31T08:26:19.580Z"}
{"level":"info","message":"\n mongo db connected !! db host: cluster0-shard-00-00.4v9hr.mongodb.net","timestamp":"2025-01-31T08:26:24.318Z"}
{"level":"info","message":"Server is running on port 8000","timestamp":"2025-01-31T08:26:24.327Z"}
{"level":"info","message":"\n mongo db connected !! db host: cluster0-shard-00-00.4v9hr.mongodb.net","timestamp":"2025-01-31T08:26:30.562Z"}
{"level":"info","message":"Server is running on port 8000","timestamp":"2025-01-31T08:26:30.571Z"}
{"level":"info","message":"\n mongo db connected !! db host: cluster0-shard-00-00.4v9hr.mongodb.net","timestamp":"2025-01-31T08:26:36.967Z"}
{"level":"info","message":"Server is running on port 8000","timestamp":"2025-01-31T08:26:36.979Z"}
{"level":"info","message":"\n mongo db connected !! db host: cluster0-shard-00-00.4v9hr.mongodb.net","timestamp":"2025-01-31T08:26:43.108Z"}
{"level":"info","message":"Server is running on port 8000","timestamp":"2025-01-31T08:26:43.121Z"}
{"level":"info","message":"\n mongo db connected !! db host: cluster0-shard-00-00.4v9hr.mongodb.net","timestamp":"2025-01-31T08:26:45.123Z"}
{"level":"info","message":"Server is running on port 8000","timestamp":"2025-01-31T08:26:45.130Z"}
{"level":"info","message":"\n mongo db connected !! db host: cluster0-shard-00-00.4v9hr.mongodb.net","timestamp":"2025-01-31T08:26:51.881Z"}
{"level":"info","message":"Server is running on port 8000","timestamp":"2025-01-31T08:26:51.891Z"}
{"level":"info","message":"\n mongo db connected !! db host: cluster0-shard-00-00.4v9hr.mongodb.net","timestamp":"2025-01-31T08:27:08.885Z"}
{"level":"info","message":"Server is running on port 8000","timestamp":"2025-01-31T08:27:08.897Z"}
{"level":"info","message":"\n mongo db connected !! db host: cluster0-shard-00-00.4v9hr.mongodb.net","timestamp":"2025-01-31T08:27:14.350Z"}
{"level":"info","message":"Server is running on port 8000","timestamp":"2025-01-31T08:27:14.362Z"}
{"level":"info","message":"\n mongo db connected !! db host: cluster0-shard-00-00.4v9hr.mongodb.net","timestamp":"2025-01-31T08:27:17.859Z"}
{"level":"info","message":"Server is running on port 8000","timestamp":"2025-01-31T08:27:17.864Z"}
{"level":"info","message":"\n mongo db connected !! db host: cluster0-shard-00-00.4v9hr.mongodb.net","timestamp":"2025-01-31T08:27:23.792Z"}
{"level":"info","message":"Server is running on port 8000","timestamp":"2025-01-31T08:27:23.797Z"}
{"level":"info","message":"\n mongo db connected !! db host: cluster0-shard-00-00.4v9hr.mongodb.net","timestamp":"2025-01-31T08:27:27.837Z"}
{"level":"info","message":"Server is running on port 8000","timestamp":"2025-01-31T08:27:27.841Z"}
{"level":"info","message":"\n mongo db connected !! db host: cluster0-shard-00-00.4v9hr.mongodb.net","timestamp":"2025-01-31T08:27:29.398Z"}
{"level":"info","message":"Server is running on port 8000","timestamp":"2025-01-31T08:27:29.411Z"}
{"level":"info","message":"\n mongo db connected !! db host: cluster0-shard-00-00.4v9hr.mongodb.net","timestamp":"2025-01-31T08:27:31.344Z"}
{"level":"info","message":"Server is running on port 8000","timestamp":"2025-01-31T08:27:31.354Z"}
{"level":"info","message":"\n mongo db connected !! db host: cluster0-shard-00-00.4v9hr.mongodb.net","timestamp":"2025-01-31T08:27:33.375Z"}
{"level":"info","message":"Server is running on port 8000","timestamp":"2025-01-31T08:27:33.387Z"}
{"level":"info","message":"\n mongo db connected !! db host: cluster0-shard-00-00.4v9hr.mongodb.net","timestamp":"2025-01-31T08:27:35.383Z"}
{"level":"info","message":"Server is running on port 8000","timestamp":"2025-01-31T08:27:35.393Z"}
{"level":"info","message":"\n mongo db connected !! db host: cluster0-shard-00-00.4v9hr.mongodb.net","timestamp":"2025-01-31T08:27:37.047Z"}
{"level":"info","message":"Server is running on port 8000","timestamp":"2025-01-31T08:27:37.058Z"}
{"level":"info","message":"\n mongo db connected !! db host: cluster0-shard-00-00.4v9hr.mongodb.net","timestamp":"2025-01-31T08:27:40.065Z"}
{"level":"info","message":"Server is running on port 8000","timestamp":"2025-01-31T08:27:40.074Z"}
{"level":"info","message":"\n mongo db connected !! db host: cluster0-shard-00-00.4v9hr.mongodb.net","timestamp":"2025-01-31T08:27:47.129Z"}
{"level":"info","message":"Server is running on port 8000","timestamp":"2025-01-31T08:27:47.140Z"}
{"level":"info","message":"\n mongo db connected !! db host: cluster0-shard-00-00.4v9hr.mongodb.net","timestamp":"2025-01-31T08:27:51.402Z"}
{"level":"info","message":"Server is running on port 8000","timestamp":"2025-01-31T08:27:51.414Z"}
{"level":"info","message":"\n mongo db connected !! db host: cluster0-shard-00-00.4v9hr.mongodb.net","timestamp":"2025-01-31T08:27:52.941Z"}
{"level":"info","message":"Server is running on port 8000","timestamp":"2025-01-31T08:27:52.954Z"}
{"level":"info","message":"\n mongo db connected !! db host: cluster0-shard-00-00.4v9hr.mongodb.net","timestamp":"2025-01-31T08:27:58.768Z"}
{"level":"info","message":"Server is running on port 8000","timestamp":"2025-01-31T08:27:58.777Z"}
{"level":"info","message":"\n mongo db connected !! db host: cluster0-shard-00-00.4v9hr.mongodb.net","timestamp":"2025-01-31T08:28:01.840Z"}
{"level":"info","message":"Server is running on port 8000","timestamp":"2025-01-31T08:28:01.850Z"}
{"level":"info","message":"\n mongo db connected !! db host: cluster0-shard-00-00.4v9hr.mongodb.net","timestamp":"2025-01-31T08:28:03.367Z"}
{"level":"info","message":"Server is running on port 8000","timestamp":"2025-01-31T08:28:03.378Z"}
{"level":"info","message":"\n mongo db connected !! db host: cluster0-shard-00-00.4v9hr.mongodb.net","timestamp":"2025-01-31T08:28:06.696Z"}
{"level":"info","message":"Server is running on port 8000","timestamp":"2025-01-31T08:28:06.710Z"}
{"level":"info","message":"\n mongo db connected !! db host: cluster0-shard-00-00.4v9hr.mongodb.net","timestamp":"2025-01-31T08:28:09.568Z"}
{"level":"info","message":"Server is running on port 8000","timestamp":"2025-01-31T08:28:09.575Z"}
{"level":"info","message":"\n mongo db connected !! db host: cluster0-shard-00-00.4v9hr.mongodb.net","timestamp":"2025-01-31T08:28:16.153Z"}
{"level":"info","message":"Server is running on port 8000","timestamp":"2025-01-31T08:28:16.159Z"}
{"level":"info","message":"\n mongo db connected !! db host: cluster0-shard-00-00.4v9hr.mongodb.net","timestamp":"2025-01-31T08:28:21.633Z"}
{"level":"info","message":"Server is running on port 8000","timestamp":"2025-01-31T08:28:21.638Z"}
{"level":"info","message":"\n mongo db connected !! db host: cluster0-shard-00-00.4v9hr.mongodb.net","timestamp":"2025-01-31T08:28:25.870Z"}
{"level":"info","message":"Server is running on port 8000","timestamp":"2025-01-31T08:28:25.881Z"}
{"level":"info","message":"\n mongo db connected !! db host: cluster0-shard-00-00.4v9hr.mongodb.net","timestamp":"2025-01-31T08:28:28.564Z"}
{"level":"info","message":"Server is running on port 8000","timestamp":"2025-01-31T08:28:28.570Z"}
{"level":"info","message":"\n mongo db connected !! db host: cluster0-shard-00-00.4v9hr.mongodb.net","timestamp":"2025-01-31T08:28:35.292Z"}
{"level":"info","message":"Server is running on port 8000","timestamp":"2025-01-31T08:28:35.304Z"}
{"level":"info","message":"\n mongo db connected !! db host: cluster0-shard-00-00.4v9hr.mongodb.net","timestamp":"2025-01-31T08:28:39.076Z"}
{"level":"info","message":"Server is running on port 8000","timestamp":"2025-01-31T08:28:39.086Z"}
{"level":"info","message":"\n mongo db connected !! db host: cluster0-shard-00-00.4v9hr.mongodb.net","timestamp":"2025-01-31T08:28:42.989Z"}
{"level":"info","message":"Server is running on port 8000","timestamp":"2025-01-31T08:28:43.001Z"}
{"level":"info","message":"\n mongo db connected !! db host: cluster0-shard-00-00.4v9hr.mongodb.net","timestamp":"2025-01-31T08:28:48.427Z"}
{"level":"info","message":"Server is running on port 8000","timestamp":"2025-01-31T08:28:48.433Z"}
{"level":"info","message":"\n mongo db connected !! db host: cluster0-shard-00-00.4v9hr.mongodb.net","timestamp":"2025-01-31T08:28:54.029Z"}
{"level":"info","message":"Server is running on port 8000","timestamp":"2025-01-31T08:28:54.037Z"}
{"level":"info","message":"\n mongo db connected !! db host: cluster0-shard-00-00.4v9hr.mongodb.net","timestamp":"2025-01-31T08:28:58.694Z"}
{"level":"info","message":"Server is running on port 8000","timestamp":"2025-01-31T08:28:58.705Z"}
{"level":"info","message":"\n mongo db connected !! db host: cluster0-shard-00-00.4v9hr.mongodb.net","timestamp":"2025-01-31T08:29:04.938Z"}
{"level":"info","message":"Server is running on port 8000","timestamp":"2025-01-31T08:29:04.943Z"}
{"level":"info","message":"\n mongo db connected !! db host: cluster0-shard-00-00.4v9hr.mongodb.net","timestamp":"2025-01-31T08:29:06.403Z"}
{"level":"info","message":"Server is running on port 8000","timestamp":"2025-01-31T08:29:06.415Z"}
{"level":"info","message":"\n mongo db connected !! db host: cluster0-shard-00-00.4v9hr.mongodb.net","timestamp":"2025-01-31T08:29:09.066Z"}
{"level":"info","message":"Server is running on port 8000","timestamp":"2025-01-31T08:29:09.075Z"}
{"level":"info","message":"\n mongo db connected !! db host: cluster0-shard-00-00.4v9hr.mongodb.net","timestamp":"2025-01-31T08:30:06.708Z"}
{"level":"info","message":"Server is running on port 8000","timestamp":"2025-01-31T08:30:06.713Z"}
{"level":"info","message":"\n mongo db connected !! db host: cluster0-shard-00-00.4v9hr.mongodb.net","timestamp":"2025-01-31T08:30:21.184Z"}
{"level":"info","message":"Server is running on port 8000","timestamp":"2025-01-31T08:30:21.194Z"}
{"level":"info","message":"\n mongo db connected !! db host: cluster0-shard-00-00.4v9hr.mongodb.net","timestamp":"2025-01-31T08:30:24.498Z"}
{"level":"info","message":"Server is running on port 8000","timestamp":"2025-01-31T08:30:24.507Z"}
{"level":"info","message":"\n mongo db connected !! db host: cluster0-shard-00-00.4v9hr.mongodb.net","timestamp":"2025-01-31T08:30:29.070Z"}
{"level":"info","message":"Server is running on port 8000","timestamp":"2025-01-31T08:30:29.077Z"}
{"level":"info","message":"\n mongo db connected !! db host: cluster0-shard-00-00.4v9hr.mongodb.net","timestamp":"2025-01-31T08:30:33.302Z"}
{"level":"info","message":"Server is running on port 8000","timestamp":"2025-01-31T08:30:33.308Z"}
{"level":"info","message":"\n mongo db connected !! db host: cluster0-shard-00-00.4v9hr.mongodb.net","timestamp":"2025-01-31T08:30:38.505Z"}
{"level":"info","message":"Server is running on port 8000","timestamp":"2025-01-31T08:30:38.511Z"}
{"level":"info","message":"\n mongo db connected !! db host: cluster0-shard-00-00.4v9hr.mongodb.net","timestamp":"2025-01-31T08:30:42.408Z"}
{"level":"info","message":"Server is running on port 8000","timestamp":"2025-01-31T08:30:42.421Z"}
{"level":"info","message":"\n mongo db connected !! db host: cluster0-shard-00-00.4v9hr.mongodb.net","timestamp":"2025-01-31T08:30:45.533Z"}
{"level":"info","message":"Server is running on port 8000","timestamp":"2025-01-31T08:30:45.537Z"}
{"level":"info","message":"\n mongo db connected !! db host: cluster0-shard-00-00.4v9hr.mongodb.net","timestamp":"2025-01-31T08:30:48.081Z"}
{"level":"info","message":"Server is running on port 8000","timestamp":"2025-01-31T08:30:48.090Z"}
{"level":"info","message":"\n mongo db connected !! db host: cluster0-shard-00-00.4v9hr.mongodb.net","timestamp":"2025-01-31T08:30:52.180Z"}
{"level":"info","message":"Server is running on port 8000","timestamp":"2025-01-31T08:30:52.188Z"}
{"level":"info","message":"\n mongo db connected !! db host: cluster0-shard-00-00.4v9hr.mongodb.net","timestamp":"2025-01-31T08:30:54.009Z"}
{"level":"info","message":"Server is running on port 8000","timestamp":"2025-01-31T08:30:54.020Z"}
{"level":"info","message":"\n mongo db connected !! db host: cluster0-shard-00-00.4v9hr.mongodb.net","timestamp":"2025-01-31T08:31:04.308Z"}
{"level":"info","message":"Server is running on port 8000","timestamp":"2025-01-31T08:31:04.320Z"}
{"level":"info","message":"\n mongo db connected !! db host: cluster0-shard-00-00.4v9hr.mongodb.net","timestamp":"2025-01-31T08:31:07.208Z"}
{"level":"info","message":"Server is running on port 8000","timestamp":"2025-01-31T08:31:07.216Z"}
{"level":"info","message":"\n mongo db connected !! db host: cluster0-shard-00-00.4v9hr.mongodb.net","timestamp":"2025-01-31T08:31:16.010Z"}
{"level":"info","message":"Server is running on port 8000","timestamp":"2025-01-31T08:31:16.015Z"}
{"level":"info","message":"\n mongo db connected !! db host: cluster0-shard-00-00.4v9hr.mongodb.net","timestamp":"2025-01-31T08:31:18.215Z"}
{"level":"info","message":"Server is running on port 8000","timestamp":"2025-01-31T08:31:18.224Z"}
{"level":"info","message":"\n mongo db connected !! db host: cluster0-shard-00-00.4v9hr.mongodb.net","timestamp":"2025-01-31T08:31:30.097Z"}
{"level":"info","message":"Server is running on port 8000","timestamp":"2025-01-31T08:31:30.105Z"}
{"level":"info","message":"\n mongo db connected !! db host: cluster0-shard-00-00.4v9hr.mongodb.net","timestamp":"2025-01-31T08:31:35.461Z"}
{"level":"info","message":"Server is running on port 8000","timestamp":"2025-01-31T08:31:35.470Z"}
{"level":"info","message":"\n mongo db connected !! db host: cluster0-shard-00-00.4v9hr.mongodb.net","timestamp":"2025-01-31T08:33:06.864Z"}
{"level":"info","message":"Server is running on port 8000","timestamp":"2025-01-31T08:33:06.873Z"}
{"level":"info","message":"\n mongo db connected !! db host: cluster0-shard-00-00.4v9hr.mongodb.net","timestamp":"2025-01-31T08:33:06.879Z"}
{"level":"info","message":"{\"method\":\"POST\",\"url\":\"/api/category\",\"status\":\"404\",\"responseTime\":1.727}","timestamp":"2025-01-31T08:33:53.247Z"}
{"level":"info","message":"\n mongo db connected !! db host: cluster0-shard-00-00.4v9hr.mongodb.net","timestamp":"2025-01-31T08:34:16.158Z"}
{"level":"info","message":"Server is running on port 8000","timestamp":"2025-01-31T08:34:16.164Z"}
{"level":"info","message":"\n mongo db connected !! db host: cluster0-shard-00-00.4v9hr.mongodb.net","timestamp":"2025-01-31T08:34:16.168Z"}
{"level":"info","message":"\n mongo db connected !! db host: cluster0-shard-00-00.4v9hr.mongodb.net","timestamp":"2025-01-31T08:34:36.163Z"}
{"level":"info","message":"Server is running on port 9000","timestamp":"2025-01-31T08:34:36.172Z"}
{"level":"info","message":"\n mongo db connected !! db host: cluster0-shard-00-00.4v9hr.mongodb.net","timestamp":"2025-01-31T08:34:50.256Z"}
{"level":"info","message":"Server is running on port 9000","timestamp":"2025-01-31T08:34:50.269Z"}
{"level":"info","message":"{\"method\":\"POST\",\"url\":\"/api/category\",\"status\":\"404\",\"responseTime\":1.795}","timestamp":"2025-01-31T08:34:59.575Z"}
{"level":"info","message":"{\"method\":\"POST\",\"url\":\"/api/category/\",\"status\":\"404\",\"responseTime\":0.756}","timestamp":"2025-01-31T08:35:09.351Z"}
{"level":"error","message":"Invalid Category","stack":"Error: Invalid Category\n    at file:///C:/FSDM/TERM3/MERN'/term_3_react_project/backend/controllers/product.controller.js:32:11\n    at process.processTicksAndRejections (node:internal/process/task_queues:95:5)","statusCode":400,"timestamp":"2025-01-31T08:35:35.095Z"}
{"level":"info","message":"{\"method\":\"POST\",\"url\":\"/api/products\",\"status\":\"400\",\"responseTime\":74.879}","timestamp":"2025-01-31T08:35:35.100Z"}
{"level":"info","message":"{\"method\":\"POST\",\"url\":\"/api/category/\",\"status\":\"404\",\"responseTime\":0.288}","timestamp":"2025-01-31T08:35:44.060Z"}
{"level":"info","message":"\n mongo db connected !! db host: cluster0-shard-00-00.4v9hr.mongodb.net","timestamp":"2025-01-31T08:35:57.994Z"}
{"level":"info","message":"\n mongo db connected !! db host: cluster0-shard-00-00.4v9hr.mongodb.net","timestamp":"2025-01-31T08:36:03.909Z"}
{"level":"info","message":"Server is running on port 9000","timestamp":"2025-01-31T08:36:03.918Z"}
{"level":"info","message":"{\"method\":\"POST\",\"url\":\"/api/category\",\"status\":\"404\",\"responseTime\":1.697}","timestamp":"2025-01-31T08:36:09.165Z"}
{"level":"info","message":"{\"method\":\"POST\",\"url\":\"/api/category\",\"status\":\"404\",\"responseTime\":0.912}","timestamp":"2025-01-31T08:36:21.485Z"}
{"level":"info","message":"\n mongo db connected !! db host: cluster0-shard-00-00.4v9hr.mongodb.net","timestamp":"2025-01-31T08:37:47.024Z"}
{"level":"info","message":"Server is running on port 9000","timestamp":"2025-01-31T08:37:47.029Z"}
{"level":"info","message":"\n mongo db connected !! db host: cluster0-shard-00-00.4v9hr.mongodb.net","timestamp":"2025-01-31T08:37:49.444Z"}
{"level":"info","message":"\n mongo db connected !! db host: cluster0-shard-00-00.4v9hr.mongodb.net","timestamp":"2025-01-31T08:38:06.819Z"}
{"level":"info","message":"Server is running on port 8000","timestamp":"2025-01-31T08:38:06.829Z"}
{"level":"error","message":"Please provide an array of category names","stack":"Error: Please provide an array of category names\n    at file:///C:/FSDM/TERM3/MERN'/term_3_react_project/backend/controllers/category.controller.js:11:15\n    at file:///C:/FSDM/TERM3/MERN'/term_3_react_project/backend/utils/asyncHandler.js:3:21\n    at Layer.handle [as handle_request] (C:\\FSDM\\TERM3\\MERN'\\term_3_react_project\\node_modules\\express\\lib\\router\\layer.js:95:5)\n    at next (C:\\FSDM\\TERM3\\MERN'\\term_3_react_project\\node_modules\\express\\lib\\router\\route.js:149:13)\n    at Route.dispatch (C:\\FSDM\\TERM3\\MERN'\\term_3_react_project\\node_modules\\express\\lib\\router\\route.js:119:3)\n    at Layer.handle [as handle_request] (C:\\FSDM\\TERM3\\MERN'\\term_3_react_project\\node_modules\\express\\lib\\router\\layer.js:95:5)\n    at C:\\FSDM\\TERM3\\MERN'\\term_3_react_project\\node_modules\\express\\lib\\router\\index.js:284:15\n    at Function.process_params (C:\\FSDM\\TERM3\\MERN'\\term_3_react_project\\node_modules\\express\\lib\\router\\index.js:346:12)\n    at next (C:\\FSDM\\TERM3\\MERN'\\term_3_react_project\\node_modules\\express\\lib\\router\\index.js:280:10)\n    at Function.handle (C:\\FSDM\\TERM3\\MERN'\\term_3_react_project\\node_modules\\express\\lib\\router\\index.js:175:3)","statusCode":400,"timestamp":"2025-01-31T08:38:18.620Z"}
{"level":"info","message":"{\"method\":\"POST\",\"url\":\"/api/category\",\"status\":\"400\",\"responseTime\":4.59}","timestamp":"2025-01-31T08:38:18.626Z"}
{"level":"error","message":"res.status(...).josn is not a function","stack":"TypeError: res.status(...).josn is not a function\n    at file:///C:/FSDM/TERM3/MERN'/term_3_react_project/backend/controllers/category.controller.js:20:21\n    at process.processTicksAndRejections (node:internal/process/task_queues:95:5)","timestamp":"2025-01-31T08:38:48.472Z"}
{"level":"info","message":"{\"method\":\"POST\",\"url\":\"/api/category\",\"status\":\"500\",\"responseTime\":179.206}","timestamp":"2025-01-31T08:38:48.475Z"}
{"level":"info","message":"\n mongo db connected !! db host: cluster0-shard-00-00.4v9hr.mongodb.net","timestamp":"2025-01-31T08:39:21.653Z"}
{"level":"info","message":"\n mongo db connected !! db host: cluster0-shard-00-00.4v9hr.mongodb.net","timestamp":"2025-01-31T08:40:21.836Z"}
{"level":"info","message":"Server is running on port 8000","timestamp":"2025-01-31T08:40:21.840Z"}
{"level":"info","message":"\n mongo db connected !! db host: cluster0-shard-00-00.4v9hr.mongodb.net","timestamp":"2025-01-31T08:40:25.012Z"}
{"level":"info","message":"Server is running on port 8000","timestamp":"2025-01-31T08:40:25.016Z"}
{"level":"info","message":"\n mongo db connected !! db host: cluster0-shard-00-00.4v9hr.mongodb.net","timestamp":"2025-01-31T08:40:26.891Z"}
{"level":"info","message":"\n mongo db connected !! db host: cluster0-shard-00-00.4v9hr.mongodb.net","timestamp":"2025-01-31T08:40:40.040Z"}
{"level":"info","message":"Server is running on port 9000","timestamp":"2025-01-31T08:40:40.046Z"}
{"level":"error","message":"Some categories already exists","stack":"Error: Some categories already exists\n    at file:///C:/FSDM/TERM3/MERN'/term_3_react_project/backend/controllers/category.controller.js:15:11\n    at process.processTicksAndRejections (node:internal/process/task_queues:95:5)","statusCode":400,"timestamp":"2025-01-31T08:40:45.351Z"}
{"level":"info","message":"{\"method\":\"POST\",\"url\":\"/api/category\",\"status\":\"400\",\"responseTime\":89.537}","timestamp":"2025-01-31T08:40:45.360Z"}
{"level":"info","message":"{\"method\":\"POST\",\"url\":\"/api/category\",\"status\":\"201\",\"responseTime\":169.809}","timestamp":"2025-01-31T08:40:59.616Z"}
{"level":"error","message":"Cast to ObjectId failed for value \"Clothing\" (type string) at path \"_id\" for model \"Category\"","stack":"CastError: Cast to ObjectId failed for value \"Clothing\" (type string) at path \"_id\" for model \"Category\"\n    at SchemaObjectId.cast (C:\\FSDM\\TERM3\\MERN'\\term_3_react_project\\node_modules\\mongoose\\lib\\schema\\objectId.js:250:11)\n    at SchemaType.applySetters (C:\\FSDM\\TERM3\\MERN'\\term_3_react_project\\node_modules\\mongoose\\lib\\schemaType.js:1255:12)\n    at SchemaType.castForQuery (C:\\FSDM\\TERM3\\MERN'\\term_3_react_project\\node_modules\\mongoose\\lib\\schemaType.js:1673:17)\n    at cast (C:\\FSDM\\TERM3\\MERN'\\term_3_react_project\\node_modules\\mongoose\\lib\\cast.js:390:32)\n    at Query.cast (C:\\FSDM\\TERM3\\MERN'\\term_3_react_project\\node_modules\\mongoose\\lib\\query.js:4889:12)\n    at Query._castConditions (C:\\FSDM\\TERM3\\MERN'\\term_3_react_project\\node_modules\\mongoose\\lib\\query.js:2306:10)\n    at model.Query._findOne (C:\\FSDM\\TERM3\\MERN'\\term_3_react_project\\node_modules\\mongoose\\lib\\query.js:2630:8)\n    at model.Query.exec (C:\\FSDM\\TERM3\\MERN'\\term_3_react_project\\node_modules\\mongoose\\lib\\query.js:4438:80)\n    at process.processTicksAndRejections (node:internal/process/task_queues:95:5)\n    at async file:///C:/FSDM/TERM3/MERN'/term_3_react_project/backend/controllers/product.controller.js:30:26","timestamp":"2025-01-31T08:43:38.525Z"}
{"level":"info","message":"{\"method\":\"POST\",\"url\":\"/api/products\",\"status\":\"400\",\"responseTime\":12.306}","timestamp":"2025-01-31T08:43:38.532Z"}
{"level":"info","message":"Product created successfully","timestamp":"2025-01-31T08:44:01.973Z"}
{"level":"info","message":"{\"method\":\"POST\",\"url\":\"/api/products\",\"status\":\"201\",\"responseTime\":181.119}","timestamp":"2025-01-31T08:44:01.976Z"}
{"level":"error","message":"Some categories already exists","stack":"Error: Some categories already exists\n    at file:///C:/FSDM/TERM3/MERN'/term_3_react_project/backend/controllers/category.controller.js:15:11\n    at process.processTicksAndRejections (node:internal/process/task_queues:95:5)","statusCode":400,"timestamp":"2025-01-31T08:48:52.597Z"}
{"level":"info","message":"{\"method\":\"POST\",\"url\":\"/api/category\",\"status\":\"400\",\"responseTime\":78.027}","timestamp":"2025-01-31T08:48:52.601Z"}
{"level":"info","message":"{\"method\":\"POST\",\"url\":\"/api/category\",\"status\":\"201\",\"responseTime\":154.891}","timestamp":"2025-01-31T08:49:53.765Z"}
{"level":"error","message":"Cast to ObjectId failed for value \"v\" (type string) at path \"_id\" for model \"Category\"","stack":"CastError: Cast to ObjectId failed for value \"v\" (type string) at path \"_id\" for model \"Category\"\n    at SchemaObjectId.cast (C:\\FSDM\\TERM3\\MERN'\\term_3_react_project\\node_modules\\mongoose\\lib\\schema\\objectId.js:250:11)\n    at SchemaType.applySetters (C:\\FSDM\\TERM3\\MERN'\\term_3_react_project\\node_modules\\mongoose\\lib\\schemaType.js:1255:12)\n    at SchemaType.castForQuery (C:\\FSDM\\TERM3\\MERN'\\term_3_react_project\\node_modules\\mongoose\\lib\\schemaType.js:1673:17)\n    at cast (C:\\FSDM\\TERM3\\MERN'\\term_3_react_project\\node_modules\\mongoose\\lib\\cast.js:390:32)\n    at Query.cast (C:\\FSDM\\TERM3\\MERN'\\term_3_react_project\\node_modules\\mongoose\\lib\\query.js:4889:12)\n    at Query._castConditions (C:\\FSDM\\TERM3\\MERN'\\term_3_react_project\\node_modules\\mongoose\\lib\\query.js:2306:10)\n    at model.Query._findOne (C:\\FSDM\\TERM3\\MERN'\\term_3_react_project\\node_modules\\mongoose\\lib\\query.js:2630:8)\n    at model.Query.exec (C:\\FSDM\\TERM3\\MERN'\\term_3_react_project\\node_modules\\mongoose\\lib\\query.js:4438:80)\n    at process.processTicksAndRejections (node:internal/process/task_queues:95:5)\n    at async file:///C:/FSDM/TERM3/MERN'/term_3_react_project/backend/controllers/product.controller.js:30:26","timestamp":"2025-01-31T08:50:16.653Z"}
{"level":"info","message":"{\"method\":\"POST\",\"url\":\"/api/products\",\"status\":\"400\",\"responseTime\":11.019}","timestamp":"2025-01-31T08:50:16.655Z"}
